astree.o:
     $Id: auxlib.h,v 1.1 2013-10-28 11:10:46-07 - - $
     $Id: astree.h,v 1.1 2013-10-28 11:10:46-07 - - $
     $Id: stringset.h,v 1.1 2013-10-28 11:10:46-07 - - $
     $Id: lyutils.h,v 1.1 2013-10-28 11:10:46-07 - - $
     $Id: astree.cc,v 1.1 2013-10-28 11:10:46-07 - - $
     $Compiled: astree.cc Nov  9 2013 22:15:32 $

lyutils.o:
     $Id: auxlib.h,v 1.1 2013-10-28 11:10:46-07 - - $
     $Id: astree.h,v 1.1 2013-10-28 11:10:46-07 - - $
     $Id: lyutils.h,v 1.1 2013-10-28 11:10:46-07 - - $
     $Id: lyutils.cc,v 1.1 2013-10-28 11:10:46-07 - - $
     $Compiled: lyutils.cc Nov  9 2013 22:15:32 $

auxlib.o:
     $Id: auxlib.h,v 1.1 2013-10-28 11:10:46-07 - - $
     $Id: auxlib.cc,v 1.1 2013-10-28 11:10:46-07 - - $
     $Compiled: auxlib.cc Nov  9 2013 22:15:32 $

stringset.o:
     $Id: auxlib.h,v 1.1 2013-10-28 11:10:46-07 - - $
     $Id: stringset.h,v 1.1 2013-10-28 11:10:46-07 - - $
     $Id: stringset.cc,v 1.1 2013-10-28 11:10:46-07 - - $
     $Compiled: stringset.cc Nov  9 2013 22:15:32 $

main.o:
     $Id: auxlib.h,v 1.1 2013-10-28 11:10:46-07 - - $
     $Id: stringset.h,v 1.1 2013-10-28 11:10:46-07 - - $
     $Id: astree.h,v 1.1 2013-10-28 11:10:46-07 - - $
     $Id: lyutils.h,v 1.1 2013-10-28 11:10:46-07 - - $

yylex.o:
     $Id: auxlib.h,v 1.1 2013-10-28 11:10:46-07 - - $
     $Id: astree.h,v 1.1 2013-10-28 11:10:46-07 - - $
     $Id: lyutils.h,v 1.1 2013-10-28 11:10:46-07 - - $
     $Id: scanner.l,v 1.1 2013-10-28 11:10:46-07 - - $
     $Compiled: scanner.l Nov 24 2013 18:26:42 $

yyparse.o:
     $Id: auxlib.h,v 1.1 2013-10-28 11:10:46-07 - - $
     $Id: astree.h,v 1.1 2013-10-28 11:10:46-07 - - $
     $Id: lyutils.h,v 1.1 2013-10-28 11:10:46-07 - - $

oc:
     $Id: auxlib.h,v 1.1 2013-10-28 11:10:46-07 - - $
     $Id: astree.h,v 1.1 2013-10-28 11:10:46-07 - - $
     $Id: stringset.h,v 1.1 2013-10-28 11:10:46-07 - - $
     $Id: lyutils.h,v 1.1 2013-10-28 11:10:46-07 - - $
     $Id: astree.cc,v 1.1 2013-10-28 11:10:46-07 - - $
     $Compiled: astree.cc Nov  9 2013 22:15:32 $
     $Id: auxlib.h,v 1.1 2013-10-28 11:10:46-07 - - $
     $Id: astree.h,v 1.1 2013-10-28 11:10:46-07 - - $
     $Id: lyutils.h,v 1.1 2013-10-28 11:10:46-07 - - $
     $Id: lyutils.cc,v 1.1 2013-10-28 11:10:46-07 - - $
     $Compiled: lyutils.cc Nov  9 2013 22:15:32 $
     $Id: auxlib.h,v 1.1 2013-10-28 11:10:46-07 - - $
     $Id: auxlib.cc,v 1.1 2013-10-28 11:10:46-07 - - $
     $Compiled: auxlib.cc Nov  9 2013 22:15:32 $
     $Id: auxlib.h,v 1.1 2013-10-28 11:10:46-07 - - $
     $Id: stringset.h,v 1.1 2013-10-28 11:10:46-07 - - $
     $Id: stringset.cc,v 1.1 2013-10-28 11:10:46-07 - - $
     $Compiled: stringset.cc Nov  9 2013 22:15:32 $
     $Id: auxlib.h,v 1.1 2013-10-28 11:10:46-07 - - $
     $Id: stringset.h,v 1.1 2013-10-28 11:10:46-07 - - $
     $Id: astree.h,v 1.1 2013-10-28 11:10:46-07 - - $
     $Id: lyutils.h,v 1.1 2013-10-28 11:10:46-07 - - $
     $Id: auxlib.h,v 1.1 2013-10-28 11:10:46-07 - - $
     $Id: astree.h,v 1.1 2013-10-28 11:10:46-07 - - $
     $Id: lyutils.h,v 1.1 2013-10-28 11:10:46-07 - - $
     $Id: scanner.l,v 1.1 2013-10-28 11:10:46-07 - - $
     $Compiled: scanner.l Nov 24 2013 18:26:42 $
     $Id: auxlib.h,v 1.1 2013-10-28 11:10:46-07 - - $
     $Id: astree.h,v 1.1 2013-10-28 11:10:46-07 - - $
     $Id: lyutils.h,v 1.1 2013-10-28 11:10:46-07 - - $
