astree.o:
     $Id: auxlib.h,v 1.1 2013-11-10 00:22:56-08 - - $
     $Id: astree.h,v 1.1 2013-11-10 00:22:56-08 - - $
     $Id: stringset.h,v 1.1 2013-11-10 00:22:56-08 - - $
     $Id: lyutils.h,v 1.5 2013-10-10 18:17:45-07 - - $
     $Id: astree.cc,v 1.1 2013-11-10 00:22:56-08 - - $
     $Compiled: astree.cc Nov 26 2013 12:46:35 $

lyutils.o:
     $Id: auxlib.h,v 1.1 2013-11-10 00:22:56-08 - - $
     $Id: astree.h,v 1.1 2013-11-10 00:22:56-08 - - $
     $Id: lyutils.h,v 1.5 2013-10-10 18:17:45-07 - - $
     $Id: lyutils.cc,v 1.3 2013-10-10 18:17:45-07 - - $
     $Compiled: lyutils.cc Nov 26 2013 12:46:36 $

auxlib.o:
     $Id: auxlib.h,v 1.1 2013-11-10 00:22:56-08 - - $
     $Id: auxlib.cc,v 1.1 2013-11-10 00:22:56-08 - - $
     $Compiled: auxlib.cc Nov 14 2013 17:00:21 $

stringset.o:
     $Id: auxlib.h,v 1.1 2013-11-10 00:22:56-08 - - $
     $Id: stringset.h,v 1.1 2013-11-10 00:22:56-08 - - $
     $Id: stringset.cc,v 1.1 2013-11-10 00:22:56-08 - - $
     $Compiled: stringset.cc Nov 14 2013 17:00:21 $

emit.o:
     $Id: auxlib.h,v 1.1 2013-11-10 00:22:56-08 - - $
     $Id: astree.h,v 1.1 2013-11-10 00:22:56-08 - - $
     $Id: emit.h,v 1.1 2013-09-19 16:38:25-07 - - $
     $Id: lyutils.h,v 1.1 2013-11-10 00:22:56-08 - - $
     $Id: emit.cc,v 1.3 2013-09-20 17:52:13-07 - - $
     $Compiled: emit.cc Nov 14 2013 17:00:22 $

main.o:
     $Id: auxlib.h,v 1.1 2013-11-10 00:22:56-08 - - $
     $Id: stringset.h,v 1.1 2013-11-10 00:22:56-08 - - $
     $Id: astree.h,v 1.1 2013-11-10 00:22:56-08 - - $
     $Id: lyutils.h,v 1.5 2013-10-10 18:17:45-07 - - $
     $Id: emit.h,v 1.1 2013-09-19 16:38:25-07 - - $

yylex.o:
     $Id: auxlib.h,v 1.1 2013-11-10 00:22:56-08 - - $
     $Id: astree.h,v 1.1 2013-11-10 00:22:56-08 - - $
     $Id: lyutils.h,v 1.5 2013-10-10 18:17:45-07 - - $
     $Id: scanner.l,v 1.1 2013-10-28 11:10:46-07 - - $
     $Compiled: scanner.l Nov 26 2013 12:46:36 $

yyparse.o:
     $Id: auxlib.h,v 1.1 2013-11-10 00:22:56-08 - - $
     $Id: astree.h,v 1.1 2013-11-10 00:22:56-08 - - $
     $Id: lyutils.h,v 1.5 2013-10-10 18:17:45-07 - - $

oc:
     $Id: auxlib.h,v 1.1 2013-11-10 00:22:56-08 - - $
     $Id: astree.h,v 1.1 2013-11-10 00:22:56-08 - - $
     $Id: stringset.h,v 1.1 2013-11-10 00:22:56-08 - - $
     $Id: lyutils.h,v 1.5 2013-10-10 18:17:45-07 - - $
     $Id: astree.cc,v 1.1 2013-11-10 00:22:56-08 - - $
     $Compiled: astree.cc Nov 26 2013 12:46:35 $
     $Id: auxlib.h,v 1.1 2013-11-10 00:22:56-08 - - $
     $Id: astree.h,v 1.1 2013-11-10 00:22:56-08 - - $
     $Id: lyutils.h,v 1.5 2013-10-10 18:17:45-07 - - $
     $Id: lyutils.cc,v 1.3 2013-10-10 18:17:45-07 - - $
     $Compiled: lyutils.cc Nov 26 2013 12:46:36 $
     $Id: auxlib.h,v 1.1 2013-11-10 00:22:56-08 - - $
     $Id: auxlib.cc,v 1.1 2013-11-10 00:22:56-08 - - $
     $Compiled: auxlib.cc Nov 14 2013 17:00:21 $
     $Id: auxlib.h,v 1.1 2013-11-10 00:22:56-08 - - $
     $Id: stringset.h,v 1.1 2013-11-10 00:22:56-08 - - $
     $Id: stringset.cc,v 1.1 2013-11-10 00:22:56-08 - - $
     $Compiled: stringset.cc Nov 14 2013 17:00:21 $
     $Id: auxlib.h,v 1.1 2013-11-10 00:22:56-08 - - $
     $Id: astree.h,v 1.1 2013-11-10 00:22:56-08 - - $
     $Id: emit.h,v 1.1 2013-09-19 16:38:25-07 - - $
     $Id: lyutils.h,v 1.1 2013-11-10 00:22:56-08 - - $
     $Id: emit.cc,v 1.3 2013-09-20 17:52:13-07 - - $
     $Compiled: emit.cc Nov 14 2013 17:00:22 $
     $Id: auxlib.h,v 1.1 2013-11-10 00:22:56-08 - - $
     $Id: stringset.h,v 1.1 2013-11-10 00:22:56-08 - - $
     $Id: astree.h,v 1.1 2013-11-10 00:22:56-08 - - $
     $Id: lyutils.h,v 1.5 2013-10-10 18:17:45-07 - - $
     $Id: emit.h,v 1.1 2013-09-19 16:38:25-07 - - $
     $Id: auxlib.h,v 1.1 2013-11-10 00:22:56-08 - - $
     $Id: astree.h,v 1.1 2013-11-10 00:22:56-08 - - $
     $Id: lyutils.h,v 1.5 2013-10-10 18:17:45-07 - - $
     $Id: scanner.l,v 1.1 2013-10-28 11:10:46-07 - - $
     $Compiled: scanner.l Nov 26 2013 12:46:36 $
     $Id: auxlib.h,v 1.1 2013-11-10 00:22:56-08 - - $
     $Id: astree.h,v 1.1 2013-11-10 00:22:56-08 - - $
     $Id: lyutils.h,v 1.5 2013-10-10 18:17:45-07 - - $
